TN:
SF:src\advanced.js
FN:2,pow
FN:7,modulo
FNF:2
FNH:2
FNDA:5,pow
FNDA:5,modulo
DA:3,5
DA:8,5
DA:12,1
DA:13,1
DA:14,1
LF:5
LH:5
BRF:0
BRH:0
end_of_record
TN:
SF:src\basic.js
FN:1,add
FN:4,subtract
FN:7,multiply
FN:10,divide
FNF:4
FNH:4
FNDA:17,add
FNDA:4,subtract
FNDA:4,multiply
FNDA:3,divide
DA:2,17
DA:5,4
DA:8,4
DA:11,3
DA:13,1
DA:15,1
LF:6
LH:6
BRF:0
BRH:0
end_of_record
TN:
SF:src\converter.js
FN:1,forceConverter
FNF:1
FNH:1
FNDA:5,forceConverter
DA:5,5
DA:7,1
DA:8,1
DA:9,4
DA:10,1
DA:11,1
DA:12,3
DA:13,2
DA:14,2
DA:16,1
DA:18,4
DA:21,1
DA:22,1
LF:13
LH:13
BRDA:5,0,0,1
BRDA:5,0,1,4
BRDA:9,1,0,1
BRDA:9,1,1,3
BRDA:12,2,0,2
BRDA:12,2,1,1
BRF:6
BRH:6
end_of_record
TN:
SF:src\isPalindromeS.js
FN:1,isPalindrome
FNF:1
FNH:1
FNDA:11,isPalindrome
DA:2,11
DA:3,11
DA:4,11
DA:5,18
DA:7,5
DA:9,1
LF:6
LH:6
BRDA:5,0,0,6
BRDA:5,0,1,12
BRF:2
BRH:2
end_of_record
TN:
SF:src\quickSort.js
FN:1,quickSort
FNF:1
FNH:1
FNDA:58,quickSort
DA:2,58
DA:3,33
DA:6,25
DA:7,25
DA:8,25
DA:10,25
DA:11,79
DA:12,44
DA:14,35
DA:18,25
DA:21,1
LF:11
LH:11
BRDA:2,0,0,33
BRDA:2,0,1,25
BRDA:11,1,0,44
BRDA:11,1,1,35
BRF:4
BRH:4
end_of_record
TN:
SF:src\sorting.js
FN:2,selectionSort
FN:18,insertionSort
FNF:2
FNH:2
FNDA:4,selectionSort
FNDA:3,insertionSort
DA:3,4
DA:4,4
DA:5,9
DA:6,9
DA:7,22
DA:8,10
DA:11,9
DA:12,7
DA:15,4
DA:19,3
DA:20,3
DA:21,8
DA:22,8
DA:23,8
DA:24,12
DA:25,12
DA:27,8
DA:29,3
DA:31,1
LF:19
LH:19
BRDA:7,0,0,10
BRDA:7,0,1,12
BRDA:11,1,0,7
BRDA:11,1,1,2
BRDA:23,2,0,20
BRDA:23,2,1,16
BRF:6
BRH:6
end_of_record
